<?xml version="1.0" encoding="UTF-8"?>
<!-- Generated by org.testng.reporters.JUnitReportReporter -->
<testsuite skipped="0" hostname="USER-PC" name="cucumberOptions.TestRunner" tests="1" failures="0" timestamp="2020-05-17T02:00:17 IST" time="17.093" errors="0">
  <testcase name="runScenario" time="17.093" classname="cucumberOptions.TestRunner"/>
</testsuite> <!-- cucumberOptions.TestRunner -->
