<?xml version="1.0" encoding="UTF-8"?>
<!-- Generated by org.testng.reporters.JUnitReportReporter -->
<testsuite skipped="1" hostname="USER-PC" name="stepDefinitions.TestRunner" tests="1" failures="0" timestamp="2020-05-17T00:44:26 IST" time="0.373" errors="0">
  <testcase name="runScenario" time="0.373" classname="stepDefinitions.TestRunner">
    <skipped/>
  </testcase> <!-- runScenario -->
</testsuite> <!-- stepDefinitions.TestRunner -->
